<?xml version="1.0" encoding="UTF-8"?>
<testng-results ignored="0" total="2" passed="1" failed="1" skipped="0">
  <reporter-output>
  </reporter-output>
  <suite started-at="2022-09-06T15:58:36 SGT" name="Command line suite" finished-at="2022-09-06T15:58:36 SGT" duration-ms="39">
    <groups>
    </groups>
    <test started-at="2022-09-06T15:58:36 SGT" name="Command line test" finished-at="2022-09-06T15:58:36 SGT" duration-ms="39">
      <class name="Test1">
        <test-method is-config="true" signature="befSuite()[pri:0, instance:Test1@71a794e5]" started-at="2022-09-06T15:58:32 SGT" name="befSuite" finished-at="2022-09-06T15:58:36 SGT" duration-ms="3965" status="PASS">
          <reporter-output>
          </reporter-output>
        </test-method> <!-- befSuite -->
        <test-method is-config="true" signature="befTest()[pri:0, instance:Test1@71a794e5]" started-at="2022-09-06T15:58:36 SGT" name="befTest" finished-at="2022-09-06T15:58:36 SGT" duration-ms="0" status="PASS">
          <reporter-output>
          </reporter-output>
        </test-method> <!-- befTest -->
        <test-method is-config="true" signature="befClass()[pri:0, instance:Test1@71a794e5]" started-at="2022-09-06T15:58:36 SGT" name="befClass" finished-at="2022-09-06T15:58:36 SGT" duration-ms="1" status="PASS">
          <reporter-output>
          </reporter-output>
        </test-method> <!-- befClass -->
        <test-method signature="testSample(java.lang.String)[pri:0, instance:Test1@71a794e5]" started-at="2022-09-06T15:58:36 SGT" name="testSample" finished-at="2022-09-06T15:58:36 SGT" duration-ms="0" status="FAIL">
          <exception class="org.testng.TestNGException">
            <message>
              <![CDATA[
Parameter 'TestParam' is required by @Test on method testSample but has not been marked @Optional or defined
]]>
            </message>
            <full-stacktrace>
              <![CDATA[org.testng.TestNGException: 
Parameter 'TestParam' is required by @Test on method testSample but has not been marked @Optional or defined

at org.testng.internal.Parameters.createParams(Parameters.java:267)
at org.testng.internal.Parameters.createParametersForMethod(Parameters.java:355)
at org.testng.internal.Parameters.createParameters(Parameters.java:684)
at org.testng.internal.Parameters.handleParameters(Parameters.java:888)
at org.testng.internal.Parameters.handleParameters(Parameters.java:728)
at org.testng.internal.invokers.ParameterHandler.handleParameters(ParameterHandler.java:72)
at org.testng.internal.invokers.ParameterHandler.createParameters(ParameterHandler.java:51)
at org.testng.internal.invokers.TestInvoker$MethodInvocationAgent.invoke(TestInvoker.java:917)
at org.testng.internal.invokers.TestInvoker.invokeTestMethods(TestInvoker.java:194)
at org.testng.internal.invokers.TestMethodWorker.invokeTestMethods(TestMethodWorker.java:148)
at org.testng.internal.invokers.TestMethodWorker.run(TestMethodWorker.java:128)
at java.base/java.util.ArrayList.forEach(ArrayList.java:1511)
at org.testng.TestRunner.privateRun(TestRunner.java:806)
at org.testng.TestRunner.run(TestRunner.java:601)
at org.testng.SuiteRunner.runTest(SuiteRunner.java:433)
at org.testng.SuiteRunner.runSequentially(SuiteRunner.java:427)
at org.testng.SuiteRunner.privateRun(SuiteRunner.java:387)
at org.testng.SuiteRunner.run(SuiteRunner.java:330)
at org.testng.SuiteRunnerWorker.runSuite(SuiteRunnerWorker.java:52)
at org.testng.SuiteRunnerWorker.run(SuiteRunnerWorker.java:95)
at org.testng.TestNG.runSuitesSequentially(TestNG.java:1256)
at org.testng.TestNG.runSuitesLocally(TestNG.java:1176)
at org.testng.TestNG.runSuites(TestNG.java:1099)
at org.testng.TestNG.run(TestNG.java:1067)
at org.apache.maven.surefire.testng.TestNGExecutor.run(TestNGExecutor.java:77)
at org.apache.maven.surefire.testng.TestNGDirectoryTestSuite.executeMulti(TestNGDirectoryTestSuite.java:159)
at org.apache.maven.surefire.testng.TestNGDirectoryTestSuite.execute(TestNGDirectoryTestSuite.java:99)
at org.apache.maven.surefire.testng.TestNGProvider.invoke(TestNGProvider.java:106)
at java.base/jdk.internal.reflect.NativeMethodAccessorImpl.invoke0(Native Method)
at java.base/jdk.internal.reflect.NativeMethodAccessorImpl.invoke(NativeMethodAccessorImpl.java:77)
at java.base/jdk.internal.reflect.DelegatingMethodAccessorImpl.invoke(DelegatingMethodAccessorImpl.java:43)
at java.base/java.lang.reflect.Method.invoke(Method.java:568)
at org.apache.maven.surefire.util.ReflectionUtils.invokeMethodWithArray(ReflectionUtils.java:189)
at org.apache.maven.surefire.booter.ProviderFactory$ProviderProxy.invoke(ProviderFactory.java:165)
at org.apache.maven.surefire.booter.ProviderFactory.invokeProvider(ProviderFactory.java:85)
at org.apache.maven.surefire.booter.ForkedBooter.runSuitesInProcess(ForkedBooter.java:115)
at org.apache.maven.surefire.booter.ForkedBooter.main(ForkedBooter.java:75)
]]>
            </full-stacktrace>
          </exception> <!-- org.testng.TestNGException -->
          <reporter-output>
          </reporter-output>
        </test-method> <!-- testSample -->
        <test-method is-config="true" signature="aftSuite()[pri:0, instance:Test1@71a794e5]" started-at="2022-09-06T15:58:36 SGT" name="aftSuite" finished-at="2022-09-06T15:58:36 SGT" duration-ms="111" status="PASS">
          <reporter-output>
          </reporter-output>
        </test-method> <!-- aftSuite -->
      </class> <!-- Test1 -->
      <class name="TestListenersDemo">
        <test-method signature="testPrint()[pri:0, instance:TestListenersDemo@5e955596]" started-at="2022-09-06T15:58:36 SGT" name="testPrint" finished-at="2022-09-06T15:58:36 SGT" duration-ms="1" status="PASS">
          <reporter-output>
          </reporter-output>
        </test-method> <!-- testPrint -->
      </class> <!-- TestListenersDemo -->
    </test> <!-- Command line test -->
  </suite> <!-- Command line suite -->
</testng-results>
